Sender: LSF System <lsfadmin@cudanode>
Subject: Job 13914: <#!/bin/bash;#BSUB -q gpu;#BSUB -o %J.out;#BSUB -e %J.err; /app/python3/bin/python3 D_real.py> in cluster <auzorrocluster> Exited

Job <#!/bin/bash;#BSUB -q gpu;#BSUB -o %J.out;#BSUB -e %J.err; /app/python3/bin/python3 D_real.py> was submitted from host <zorro> by user <yc6705a> in cluster <auzorrocluster> at Thu Sep 30 09:33:29 2021
Job was executed on host(s) <cudanode>, in queue <gpu>, as user <yc6705a> in cluster <auzorrocluster> at Thu Sep 30 09:33:29 2021
</home/yc6705a> was used as the home directory.
</home/yc6705a/DATA-793/GitHub/code> was used as the working directory.
Started at Thu Sep 30 09:33:29 2021
Terminated at Thu Sep 30 09:36:43 2021
Results reported at Thu Sep 30 09:36:43 2021

Your job looked like:

------------------------------------------------------------
# LSBATCH: User input
#!/bin/bash
#BSUB -q gpu
#BSUB -o %J.out
#BSUB -e %J.err

/app/python3/bin/python3 D_real.py

------------------------------------------------------------

Exited with exit code 1.

Resource usage summary:

    CPU time :                                   167.91 sec.
    Max Memory :                                 77371 MB
    Average Memory :                             29216.10 MB
    Total Requested Memory :                     -
    Delta Memory :                               -
    Max Swap :                                   -
    Max Processes :                              4
    Max Threads :                                28
    Run time :                                   194 sec.
    Turnaround time :                            194 sec.

The output (if any) follows:

7000
7000


PS:

Read file <13914.err> for stderr output of this job.

