Sender: LSF System <lsfadmin@cudanode>
Subject: Job 14097: <#!/bin/bash;#BSUB -q gpu;#BSUB -o %J.out;#BSUB -e %J.err; /app/python3/bin/python3 D_real_test.py> in cluster <auzorrocluster> Exited

Job <#!/bin/bash;#BSUB -q gpu;#BSUB -o %J.out;#BSUB -e %J.err; /app/python3/bin/python3 D_real_test.py> was submitted from host <zorro> by user <yc6705a> in cluster <auzorrocluster> at Fri Oct  1 14:07:37 2021
Job was executed on host(s) <cudanode>, in queue <gpu>, as user <yc6705a> in cluster <auzorrocluster> at Fri Oct  1 14:07:38 2021
</home/yc6705a> was used as the home directory.
</home/yc6705a/DATA-793/GitHub/code> was used as the working directory.
Started at Fri Oct  1 14:07:38 2021
Terminated at Fri Oct  1 14:09:33 2021
Results reported at Fri Oct  1 14:09:33 2021

Your job looked like:

------------------------------------------------------------
# LSBATCH: User input
#!/bin/bash
#BSUB -q gpu
#BSUB -o %J.out
#BSUB -e %J.err

/app/python3/bin/python3 D_real_test.py

------------------------------------------------------------

Exited with exit code 1.

Resource usage summary:

    CPU time :                                   90.94 sec.
    Max Memory :                                 23012 MB
    Average Memory :                             10064.16 MB
    Total Requested Memory :                     -
    Delta Memory :                               -
    Max Swap :                                   -
    Max Processes :                              4
    Max Threads :                                28
    Run time :                                   115 sec.
    Turnaround time :                            116 sec.

The output (if any) follows:

Total image is 7000


PS:

Read file <14097.err> for stderr output of this job.

