Sender: LSF System <lsfadmin@cudanode>
Subject: Job 14202: <#!/bin/bash;#BSUB -q gpu;#BSUB -o %J.out;#BSUB -e %J.err; /app/python3/bin/python3 D_fake.py> in cluster <auzorrocluster> Exited

Job <#!/bin/bash;#BSUB -q gpu;#BSUB -o %J.out;#BSUB -e %J.err; /app/python3/bin/python3 D_fake.py> was submitted from host <zorro> by user <yc6705a> in cluster <auzorrocluster> at Sat Oct  2 00:22:31 2021
Job was executed on host(s) <cudanode>, in queue <gpu>, as user <yc6705a> in cluster <auzorrocluster> at Sat Oct  2 00:22:31 2021
</home/yc6705a> was used as the home directory.
</home/yc6705a/DATA-793/GitHub/code> was used as the working directory.
Started at Sat Oct  2 00:22:31 2021
Terminated at Sat Oct  2 00:28:54 2021
Results reported at Sat Oct  2 00:28:54 2021

Your job looked like:

------------------------------------------------------------
# LSBATCH: User input
#!/bin/bash
#BSUB -q gpu
#BSUB -o %J.out
#BSUB -e %J.err

/app/python3/bin/python3 D_fake.py

------------------------------------------------------------

Exited with exit code 137.

Resource usage summary:

    CPU time :                                   323.48 sec.
    Max Memory :                                 126691 MB
    Average Memory :                             65668.17 MB
    Total Requested Memory :                     -
    Delta Memory :                               -
    Max Swap :                                   11726 MB
    Max Processes :                              4
    Max Threads :                                28
    Run time :                                   383 sec.
    Turnaround time :                            383 sec.

The output (if any) follows:



PS:

Read file <14202.err> for stderr output of this job.

