Sender: LSF System <lsfadmin@cudanode>
Subject: Job 13913: <#!/bin/bash;#BSUB -q gpu;#BSUB -o %J.out;#BSUB -e %J.err; /app/python3/bin/python3 D_real.py> in cluster <auzorrocluster> Exited

Job <#!/bin/bash;#BSUB -q gpu;#BSUB -o %J.out;#BSUB -e %J.err; /app/python3/bin/python3 D_real.py> was submitted from host <zorro> by user <yc6705a> in cluster <auzorrocluster> at Thu Sep 30 09:21:52 2021
Job was executed on host(s) <cudanode>, in queue <gpu>, as user <yc6705a> in cluster <auzorrocluster> at Thu Sep 30 09:21:52 2021
</home/yc6705a> was used as the home directory.
</home/yc6705a/DATA-793/GitHub/code> was used as the working directory.
Started at Thu Sep 30 09:21:52 2021
Terminated at Thu Sep 30 09:28:00 2021
Results reported at Thu Sep 30 09:28:00 2021

Your job looked like:

------------------------------------------------------------
# LSBATCH: User input
#!/bin/bash
#BSUB -q gpu
#BSUB -o %J.out
#BSUB -e %J.err

/app/python3/bin/python3 D_real.py

------------------------------------------------------------

Exited with exit code 1.

Resource usage summary:

    CPU time :                                   216.90 sec.
    Max Memory :                                 75167 MB
    Average Memory :                             15996.38 MB
    Total Requested Memory :                     -
    Delta Memory :                               -
    Max Swap :                                   -
    Max Processes :                              4
    Max Threads :                                28
    Run time :                                   368 sec.
    Turnaround time :                            368 sec.

The output (if any) follows:

7000
7000


PS:

Read file <13913.err> for stderr output of this job.

