Sender: LSF System <lsfadmin@cudanode>
Subject: Job 13920: <#!/bin/bash;#BSUB -q gpu;#BSUB -o %J.out;#BSUB -e %J.err; /app/python3/bin/python3 D_real.py> in cluster <auzorrocluster> Done

Job <#!/bin/bash;#BSUB -q gpu;#BSUB -o %J.out;#BSUB -e %J.err; /app/python3/bin/python3 D_real.py> was submitted from host <zorro> by user <yc6705a> in cluster <auzorrocluster> at Thu Sep 30 11:00:43 2021
Job was executed on host(s) <cudanode>, in queue <gpu>, as user <yc6705a> in cluster <auzorrocluster> at Thu Sep 30 11:00:44 2021
</home/yc6705a> was used as the home directory.
</home/yc6705a/DATA-793/GitHub/code> was used as the working directory.
Started at Thu Sep 30 11:00:44 2021
Terminated at Thu Sep 30 11:09:00 2021
Results reported at Thu Sep 30 11:09:00 2021

Your job looked like:

------------------------------------------------------------
# LSBATCH: User input
#!/bin/bash
#BSUB -q gpu
#BSUB -o %J.out
#BSUB -e %J.err

/app/python3/bin/python3 D_real.py

------------------------------------------------------------

Successfully completed.

Resource usage summary:

    CPU time :                                   470.45 sec.
    Max Memory :                                 122151 MB
    Average Memory :                             70591.39 MB
    Total Requested Memory :                     -
    Delta Memory :                               -
    Max Swap :                                   -
    Max Processes :                              4
    Max Threads :                                28
    Run time :                                   496 sec.
    Turnaround time :                            497 sec.

The output (if any) follows:

7000
7000
[array([[[-0.04080221,  0.01320603, -0.04130071],
        [-0.03989985,  0.01289491, -0.04052035],
        [-0.03989985,  0.01289491, -0.04052035],
        ...,
        [-0.04226176,  0.00201746, -0.02599541],
        [-0.04226803, -0.00489948, -0.03500889],
        [-0.041214  , -0.00655983, -0.03660094]],

       [[-0.03971959,  0.01171053, -0.04591799],
        [-0.04180895,  0.01496162, -0.04262775],
        [-0.04001909,  0.01428715, -0.04106351],
        ...,
        [-0.04102566,  0.00332763, -0.02551533],
        [-0.04116022,  0.0001213 , -0.03683805],
        [-0.04133319, -0.00438639, -0.03760212]],

       [[-0.05610418,  0.03271181, -0.058373  ],
        [-0.05739665,  0.03371463, -0.05380021],
        [-0.05423555,  0.03176818, -0.05142841],
        ...,
        [-0.05547034,  0.0244486 , -0.03882032],
        [-0.05777042,  0.02494772, -0.04868493],
        [-0.05837462,  0.02511277, -0.05468078]],

       ...,

       [[-0.03508656, -0.00264588, -0.04918585],
        [-0.03508656, -0.00264588, -0.04918585],
        [-0.0354745 , -0.00270149, -0.0496189 ],
        ...,
        [-0.042339  , -0.00885374, -0.04350393],
        [-0.04169849, -0.00836119, -0.03652894],
        [-0.042339  , -0.00885374, -0.04350393]],

       [[-0.03571681,  0.01657896, -0.05342779],
        [-0.03609368,  0.01666544, -0.05384284],
        [-0.03684743,  0.0168383 , -0.05467293],
        ...,
        [-0.04100938,  0.00179034, -0.03954216],
        [-0.0406325 ,  0.00170389, -0.03912714],
        [-0.04100938,  0.00179034, -0.03954216]],

       [[-0.03747943,  0.02464419, -0.04448977],
        [-0.03747943,  0.02464419, -0.04448977],
        [-0.03823838,  0.02495002, -0.04518063],
        ...,
        [-0.04129384,  0.00842189, -0.03450609],
        [-0.040909  ,  0.00681303, -0.04719654],
        [-0.04116278,  0.00969618, -0.04167775]]], dtype=float32)
 array([[[-3.9528470e-02, -9.9921846e-01,  2.4019923e-15],
        [-3.9528470e-02,  1.5637222e-03,  9.8740107e-01],
        [-3.9528470e-02,  1.5637222e-03, -2.4895978e-03],
        ...,
        [-3.9528470e-02,  1.5637222e-03,  3.7574556e-02],
        [-3.9528470e-02,  1.5637222e-03,  3.7574556e-02],
        [-3.9528470e-02,  1.5637222e-03,  3.7574556e-02]],

       [[-3.9528470e-02, -9.9921846e-01,  2.4019923e-15],
        [-3.9528470e-02,  1.5637222e-03,  9.8740107e-01],
        [-3.9528470e-02,  1.5637222e-03, -2.4895978e-03],
        ...,
        [-3.9528470e-02,  1.5637222e-03,  3.7574556e-02],
        [-3.9528470e-02,  1.5637222e-03,  3.7574556e-02],
        [-3.9528470e-02,  1.5637222e-03,  3.7574556e-02]],

       [[-3.9528470e-02, -9.9921846e-01,  2.4019923e-15],
        [-3.9528470e-02,  1.5637222e-03,  9.8740107e-01],
        [-3.9528470e-02,  1.5637222e-03, -2.4895978e-03],
        ...,
        [-3.9528470e-02,  1.5637222e-03,  3.7574556e-02],
        [-3.9528470e-02,  1.5637222e-03,  3.7574556e-02],
        [-3.9528470e-02,  1.5637222e-03,  3.7574556e-02]],

       ...,

       [[-3.9528470e-02, -9.9921846e-01,  2.4019923e-15],
        [-3.9528470e-02,  1.5637222e-03,  9.8740107e-01],
        [-3.9528470e-02,  1.5637222e-03, -2.4895978e-03],
        ...,
        [-3.9528470e-02,  1.5637222e-03,  3.7574556e-02],
        [-3.9528470e-02,  1.5637222e-03,  3.7574556e-02],
        [-3.9528470e-02,  1.5637222e-03,  3.7574556e-02]],

       [[-3.9528470e-02, -9.9921846e-01,  2.4019923e-15],
        [-3.9528470e-02,  1.5637222e-03,  9.8740107e-01],
        [-3.9528470e-02,  1.5637222e-03, -2.4895978e-03],
        ...,
        [-3.9528470e-02,  1.5637222e-03,  3.7574556e-02],
        [-3.9528470e-02,  1.5637222e-03,  3.7574556e-02],
        [-3.9528470e-02,  1.5637222e-03,  3.7574556e-02]],

       [[-3.9528470e-02, -9.9921846e-01,  2.4019923e-15],
        [-3.9528470e-02,  1.5637222e-03,  9.8740107e-01],
        [-3.9528470e-02,  1.5637222e-03, -2.4895978e-03],
        ...,
        [-3.9528470e-02,  1.5637222e-03,  3.7574556e-02],
        [-3.9528470e-02,  1.5637222e-03,  3.7574556e-02],
        [-3.9528470e-02,  1.5637222e-03,  3.7574556e-02]]], dtype=float32)
 array([[[-0.0405562 ,  0.00921508,  0.0171083 ],
        [-0.04042161,  0.01188411,  0.01273744],
        [-0.04015242,  0.01722221,  0.00399567],
        ...,
        [-0.04053706, -0.03100768,  0.02855674],
        [-0.04053706, -0.03100768,  0.02855674],
        [-0.04053706, -0.03100768,  0.02855674]],

       [[-0.05189928,  0.00792556,  0.04378705],
        [-0.05189928,  0.00792556,  0.04378705],
        [-0.05108782,  0.01576906,  0.04093549],
        ...,
        [-0.05525391, -0.06525286, -0.02848102],
        [-0.05525391, -0.06525286, -0.02848102],
        [-0.05525391, -0.06525286, -0.02848102]],

       [[-0.03511599,  0.0342652 ,  0.06046855],
        [-0.03409024,  0.03730592,  0.05920711],
        [-0.03318839,  0.03765303,  0.059584  ],
        ...,
        [-0.05618206, -0.0138375 , -0.06138666],
        [-0.05618206, -0.0138375 , -0.06138666],
        [-0.05618206, -0.0138375 , -0.06138666]],

       ...,

       [[-0.03541771,  0.07902545, -0.06029077],
        [-0.03658728,  0.07617974, -0.05831341],
        [-0.03775686,  0.07333403, -0.05633607],
        ...,
        [-0.04240433,  0.00927505, -0.0341984 ],
        [-0.04240433,  0.00927505, -0.0341984 ],
        [-0.04240433,  0.00927505, -0.0341984 ]],

       [[-0.03652114,  0.07753882, -0.05837556],
        [-0.03768866,  0.07464775, -0.05642028],
        [-0.03885617,  0.07175671, -0.05446498],
        ...,
        [-0.04116081,  0.01220483, -0.03572033],
        [-0.04174457,  0.01075928, -0.03474271],
        [-0.04232833,  0.00931376, -0.0337651 ]],

       [[-0.04120941,  0.06626844, -0.05201317],
        [-0.04120941,  0.06626844, -0.05201317],
        [-0.04120941,  0.06626844, -0.05201317],
        ...,
        [-0.04176254,  0.01034585, -0.03495913],
        [-0.04234654,  0.00888447, -0.03394898],
        [-0.04234654,  0.00888447, -0.03394898]]], dtype=float32)
 ...
 array([[[-0.03727769,  0.01033519, -0.00648221],
        [-0.03727769,  0.01033519, -0.00648221],
        [-0.03727769,  0.01033519, -0.00648221],
        ...,
        [-0.03727769,  0.01033519, -0.00648221],
        [-0.03727769,  0.01033519, -0.00648221],
        [-0.03727769,  0.01033519, -0.00648221]],

       [[-0.03727769,  0.01033519, -0.00648221],
        [-0.03727769,  0.01033519, -0.00648221],
        [-0.03727769,  0.01033519, -0.00648221],
        ...,
        [-0.03727769,  0.01033519, -0.00648221],
        [-0.03727769,  0.01033519, -0.00648221],
        [-0.03727769,  0.01033519, -0.00648221]],

       [[-0.03726807,  0.00196185,  0.9993034 ],
        [-0.03726807,  0.00196185, -0.00139373],
        [-0.03726807,  0.00196185, -0.00139373],
        ...,
        [-0.03726807,  0.00196185, -0.00139373],
        [-0.03726807,  0.00196185, -0.00139373],
        [-0.03726807,  0.00196185, -0.00139373]],

       ...,

       [[-0.03730784,  0.01869733, -0.00437016],
        [-0.03730784,  0.01869733, -0.00437016],
        [-0.03730784,  0.01869733, -0.00437016],
        ...,
        [-0.03730784,  0.01869733, -0.00437016],
        [-0.03730784,  0.01869733, -0.00437016],
        [-0.03730784,  0.01869733, -0.00437016]],

       [[-0.03730384,  0.01730467, -0.00521392],
        [-0.03730384,  0.01730467, -0.00521392],
        [-0.03730384,  0.01730467, -0.00521392],
        ...,
        [-0.03730384,  0.01730467, -0.00521392],
        [-0.03730384,  0.01730467, -0.00521392],
        [-0.03730384,  0.01730467, -0.00521392]],

       [[-0.03730384,  0.01730467, -0.00521392],
        [-0.03730384,  0.01730467, -0.00521392],
        [-0.03730384,  0.01730467, -0.00521392],
        ...,
        [-0.03730384,  0.01730467, -0.00521392],
        [-0.03730384,  0.01730467, -0.00521392],
        [-0.03730384,  0.01730467, -0.00521392]]], dtype=float32)
 array([[[-0.03430585, -0.00354015,  0.09171049],
        [-0.03448791, -0.00668309,  0.0564961 ],
        [-0.03376871,  0.03217073, -0.02221882],
        ...,
        [-0.03404068,  0.041125  , -0.05036987],
        [-0.03404068,  0.041125  , -0.05036987],
        [-0.03404068,  0.041125  , -0.05036987]],

       [[-0.03412451, -0.05042079,  0.11515704],
        [-0.03476289, -0.01758857,  0.07568027],
        [-0.03431746,  0.0280003 ,  0.00787832],
        ...,
        [-0.03413532,  0.01765489,  0.01454917],
        [-0.03413783,  0.02991933, -0.01202393],
        [-0.03413532,  0.01765489,  0.01454917]],

       [[-0.03421414, -0.02513358, -0.04761398],
        [-0.03494857, -0.0214519 , -0.04612434],
        [-0.03432402,  0.00091371, -0.01094105],
        ...,
        [-0.03467673, -0.01454352, -0.0572301 ],
        [-0.03449902, -0.006225  , -0.05052808],
        [-0.03467673, -0.01454352, -0.0572301 ]],

       ...,

       [[-0.05012356, -0.01036616, -0.04207916],
        [-0.05012356, -0.01036616, -0.04207916],
        [-0.04998874, -0.0106069 , -0.04946146],
        ...,
        [-0.05012356, -0.01036616, -0.04207916],
        [-0.05012356, -0.01036616, -0.04207916],
        [-0.05012356, -0.01036616, -0.04207916]],

       [[-0.04854274, -0.00877371, -0.03635673],
        [-0.04854274, -0.00877371, -0.03635673],
        [-0.04841272, -0.00903863, -0.04352575],
        ...,
        [-0.04854274, -0.00877371, -0.03635673],
        [-0.04854274, -0.00877371, -0.03635673],
        [-0.04854274, -0.00877371, -0.03635673]],

       [[-0.040338  ,  0.07898721, -0.02849198],
        [-0.04011536,  0.08171468, -0.02751628],
        [-0.04000782,  0.0827098 , -0.02180602],
        ...,
        [-0.040338  ,  0.07898721, -0.02849198],
        [-0.040338  ,  0.07898721, -0.02849198],
        [-0.040338  ,  0.07898721, -0.02849198]]], dtype=float32)
 array([[[-0.04057531, -0.00694916, -0.02541613],
        [-0.04319509, -0.00712363, -0.02514802],
        [-0.04481737,  0.00155934, -0.00462504],
        ...,
        [-0.04406757, -0.01202295,  0.02293322],
        [-0.04257055, -0.0119233 ,  0.0227801 ],
        [-0.0421963 , -0.01189837,  0.0227418 ]],

       [[-0.05061933,  0.02951815,  0.02777564],
        [-0.05329965,  0.0313495 ,  0.02769306],
        [-0.05524698,  0.04867328,  0.01644205],
        ...,
        [-0.05509294,  0.02671716, -0.01983425],
        [-0.05509294,  0.02671716, -0.01983425],
        [-0.05509294,  0.02671716, -0.01983425]],

       [[-0.04640083,  0.02798383,  0.02617689],
        [-0.04896646,  0.02981149,  0.02599104],
        [-0.05288318,  0.04878883,  0.01413137],
        ...,
        [-0.0522221 ,  0.02608429, -0.02174492],
        [-0.04914335,  0.0238911 , -0.02152191],
        [-0.04709085,  0.02242898, -0.02137323]],

       ...,

       [[-0.0424746 ,  0.15390657,  0.01256168],
        [-0.04444807,  0.15041694, -0.00869083],
        [-0.04628046,  0.14737281, -0.01755599],
        ...,
        [-0.04751972,  0.12557648, -0.03020244],
        [-0.04420969,  0.11768632, -0.04952945],
        [-0.0409162 ,  0.10719871, -0.0482801 ]],

       [[-0.04053161,  0.15084036, -0.0066437 ],
        [-0.04204968,  0.14535749, -0.02735056],
        [-0.04423176,  0.14317793, -0.03619678],
        ...,
        [-0.04583379,  0.12178849, -0.04628548],
        [-0.04261354,  0.11367844, -0.06492785],
        [-0.03940883,  0.1033048 , -0.06230529]],

       [[-0.04859851,  0.00927229, -0.09391953],
        [-0.05091546,  0.00663953, -0.06578299],
        [-0.05306416,  0.00419472, -0.05491928],
        ...,
        [-0.05489597, -0.00330319, -0.03499966],
        [-0.05094712, -0.00271056, -0.00256256],
        [-0.0469951 , -0.00302296,  0.00152773]]], dtype=float32)]


PS:

Read file <13920.err> for stderr output of this job.

