Sender: LSF System <lsfadmin@cudanode>
Subject: Job 14068: <#!/bin/bash;#BSUB -q gpu;#BSUB -o %J.out;#BSUB -e %J.err; /app/python3/bin/python3 D_fake.py> in cluster <auzorrocluster> Exited

Job <#!/bin/bash;#BSUB -q gpu;#BSUB -o %J.out;#BSUB -e %J.err; /app/python3/bin/python3 D_fake.py> was submitted from host <zorro> by user <yc6705a> in cluster <auzorrocluster> at Fri Oct  1 11:40:23 2021
Job was executed on host(s) <cudanode>, in queue <gpu>, as user <yc6705a> in cluster <auzorrocluster> at Fri Oct  1 11:40:24 2021
</home/yc6705a> was used as the home directory.
</home/yc6705a/DATA-793/GitHub/code> was used as the working directory.
Started at Fri Oct  1 11:40:24 2021
Terminated at Fri Oct  1 11:42:35 2021
Results reported at Fri Oct  1 11:42:35 2021

Your job looked like:

------------------------------------------------------------
# LSBATCH: User input
#!/bin/bash
#BSUB -q gpu
#BSUB -o %J.out
#BSUB -e %J.err

/app/python3/bin/python3 D_fake.py

------------------------------------------------------------

Exited with exit code 1.

Resource usage summary:

    CPU time :                                   104.65 sec.
    Max Memory :                                 29967 MB
    Average Memory :                             12014.71 MB
    Total Requested Memory :                     -
    Delta Memory :                               -
    Max Swap :                                   -
    Max Processes :                              4
    Max Threads :                                28
    Run time :                                   131 sec.
    Turnaround time :                            132 sec.

The output (if any) follows:

Total image is 7000


PS:

Read file <14068.err> for stderr output of this job.

