Sender: LSF System <lsfadmin@cudanode>
Subject: Job 14080: <#!/bin/bash;#BSUB -q gpu;#BSUB -o %J.out;#BSUB -e %J.err; /app/python3/bin/python3 D_fake.py> in cluster <auzorrocluster> Exited

Job <#!/bin/bash;#BSUB -q gpu;#BSUB -o %J.out;#BSUB -e %J.err; /app/python3/bin/python3 D_fake.py> was submitted from host <zorro> by user <yc6705a> in cluster <auzorrocluster> at Fri Oct  1 12:46:54 2021
Job was executed on host(s) <cudanode>, in queue <gpu>, as user <yc6705a> in cluster <auzorrocluster> at Fri Oct  1 12:46:55 2021
</home/yc6705a> was used as the home directory.
</home/yc6705a/DATA-793/GitHub/code> was used as the working directory.
Started at Fri Oct  1 12:46:55 2021
Terminated at Fri Oct  1 12:49:04 2021
Results reported at Fri Oct  1 12:49:04 2021

Your job looked like:

------------------------------------------------------------
# LSBATCH: User input
#!/bin/bash
#BSUB -q gpu
#BSUB -o %J.out
#BSUB -e %J.err

/app/python3/bin/python3 D_fake.py

------------------------------------------------------------

Exited with exit code 1.

Resource usage summary:

    CPU time :                                   104.16 sec.
    Max Memory :                                 31620 MB
    Average Memory :                             12477.91 MB
    Total Requested Memory :                     -
    Delta Memory :                               -
    Max Swap :                                   2 MB
    Max Processes :                              4
    Max Threads :                                28
    Run time :                                   129 sec.
    Turnaround time :                            130 sec.

The output (if any) follows:

Total image is 7000
[array([[[33, 38, 36],
        [33, 38, 36],
        [33, 38, 36],
        ...,
        [ 4,  4,  4],
        [ 4,  4,  4],
        [ 4,  4,  4]],

       [[33, 38, 36],
        [33, 38, 36],
        [33, 38, 36],
        ...,
        [ 4,  4,  4],
        [ 4,  4,  4],
        [ 4,  4,  4]],

       [[33, 38, 36],
        [33, 38, 36],
        [33, 38, 36],
        ...,
        [ 4,  4,  4],
        [ 4,  4,  4],
        [ 4,  4,  4]],

       ...,

       [[35, 29, 24],
        [35, 29, 24],
        [35, 29, 24],
        ...,
        [49, 33, 20],
        [51, 35, 22],
        [51, 35, 22]],

       [[35, 29, 24],
        [35, 29, 24],
        [35, 29, 24],
        ...,
        [49, 33, 21],
        [51, 35, 22],
        [51, 35, 22]],

       [[35, 29, 24],
        [35, 29, 24],
        [35, 29, 24],
        ...,
        [49, 33, 21],
        [51, 35, 22],
        [51, 35, 22]]], dtype=uint8)
 array([[[0, 3, 4],
        [0, 3, 4],
        [2, 4, 5],
        ...,
        [1, 1, 1],
        [0, 2, 3],
        [0, 1, 5]],

       [[0, 3, 4],
        [0, 3, 4],
        [0, 2, 3],
        ...,
        [3, 3, 3],
        [0, 1, 2],
        [0, 0, 3]],

       [[1, 3, 3],
        [0, 2, 2],
        [1, 1, 1],
        ...,
        [2, 2, 2],
        [0, 2, 3],
        [0, 1, 2]],

       ...,

       [[2, 0, 0],
        [2, 0, 0],
        [3, 0, 2],
        ...,
        [2, 0, 0],
        [2, 0, 0],
        [2, 0, 0]],

       [[2, 0, 0],
        [2, 0, 0],
        [3, 0, 2],
        ...,
        [2, 0, 0],
        [2, 0, 0],
        [2, 0, 0]],

       [[2, 0, 0],
        [2, 0, 0],
        [3, 0, 2],
        ...,
        [2, 0, 0],
        [2, 0, 0],
        [2, 0, 0]]], dtype=uint8)
 array([[[ 78,  65,  87],
        [ 78,  65,  87],
        [ 79,  66,  88],
        ...,
        [ 16,   0,   1],
        [ 16,   0,   1],
        [ 16,   0,   1]],

       [[ 76,  63,  85],
        [ 76,  63,  85],
        [ 76,  63,  85],
        ...,
        [ 16,   0,   1],
        [ 16,   0,   1],
        [ 16,   0,   1]],

       [[ 77,  64,  86],
        [ 77,  64,  86],
        [ 77,  64,  86],
        ...,
        [ 16,   0,   1],
        [ 16,   0,   1],
        [ 16,   0,   1]],

       ...,

       [[ 82,  79,  81],
        [ 81,  78,  80],
        [ 80,  77,  79],
        ...,
        [254, 249, 248],
        [254, 249, 248],
        [254, 249, 248]],

       [[ 59,  56,  58],
        [ 56,  53,  55],
        [ 53,  50,  52],
        ...,
        [254, 249, 248],
        [254, 249, 248],
        [254, 249, 248]],

       [[ 61,  58,  60],
        [ 60,  57,  59],
        [ 59,  56,  58],
        ...,
        [253, 248, 247],
        [253, 248, 247],
        [253, 248, 247]]], dtype=uint8)
 ...
 array([[[244, 195, 145],
        [244, 195, 145],
        [244, 195, 145],
        ...,
        [117,  87,  52],
        [119,  87,  52],
        [119,  87,  52]],

       [[244, 195, 145],
        [244, 195, 145],
        [244, 195, 145],
        ...,
        [117,  87,  52],
        [119,  87,  52],
        [119,  87,  52]],

       [[244, 195, 145],
        [244, 195, 145],
        [244, 195, 145],
        ...,
        [117,  87,  52],
        [119,  87,  52],
        [119,  87,  52]],

       ...,

       [[119, 107,  89],
        [119, 107,  89],
        [121, 107,  89],
        ...,
        [ 35,  97, 121],
        [ 33,  93, 117],
        [ 28,  88, 112]],

       [[122, 108,  89],
        [121, 107,  88],
        [121, 107,  88],
        ...,
        [ 29,  92, 113],
        [ 27,  87, 109],
        [ 22,  82, 104]],

       [[121, 107,  88],
        [121, 107,  88],
        [121, 107,  88],
        ...,
        [ 28,  91, 112],
        [ 25,  85, 107],
        [ 20,  80, 102]]], dtype=uint8)
 array([[[ 75, 155, 208],
        [ 75, 155, 208],
        [ 75, 155, 208],
        ...,
        [255, 253, 255],
        [255, 253, 255],
        [255, 253, 255]],

       [[ 75, 155, 208],
        [ 75, 155, 208],
        [ 75, 155, 208],
        ...,
        [255, 253, 255],
        [255, 253, 255],
        [255, 253, 255]],

       [[ 75, 155, 208],
        [ 75, 155, 208],
        [ 75, 155, 208],
        ...,
        [254, 253, 255],
        [255, 253, 255],
        [254, 253, 255]],

       ...,

       [[ 98, 122, 152],
        [ 99, 123, 153],
        [ 93, 117, 147],
        ...,
        [ 59, 111, 151],
        [ 59, 111, 151],
        [ 59, 111, 151]],

       [[ 98, 122, 152],
        [ 97, 121, 151],
        [ 89, 113, 143],
        ...,
        [ 59, 111, 151],
        [ 59, 111, 151],
        [ 59, 111, 151]],

       [[ 98, 122, 152],
        [ 96, 120, 150],
        [ 87, 111, 141],
        ...,
        [ 59, 111, 151],
        [ 59, 111, 151],
        [ 59, 111, 151]]], dtype=uint8)
 array([[[ 0,  3,  0],
        [ 9,  2,  0],
        [33,  5,  5],
        ...,
        [45, 19, 35],
        [40, 14, 30],
        [34,  8, 24]],

       [[ 0,  3,  0],
        [ 9,  2,  0],
        [33,  5,  5],
        ...,
        [44, 18, 34],
        [41, 15, 31],
        [34,  8, 24]],

       [[ 1,  2,  0],
        [11,  2,  0],
        [35,  4,  5],
        ...,
        [44, 18, 34],
        [41, 15, 31],
        [34,  8, 24]],

       ...,

       [[ 5,  0,  0],
        [ 6,  0,  1],
        [ 9,  2,  5],
        ...,
        [64, 62, 68],
        [56, 54, 60],
        [37, 35, 41]],

       [[ 5,  0,  0],
        [ 6,  0,  1],
        [ 9,  2,  5],
        ...,
        [64, 62, 68],
        [56, 54, 60],
        [37, 35, 41]],

       [[ 5,  0,  0],
        [ 6,  0,  1],
        [ 9,  2,  5],
        ...,
        [64, 62, 68],
        [56, 54, 60],
        [37, 35, 41]]], dtype=uint8)]


PS:

Read file <14080.err> for stderr output of this job.

