Sender: LSF System <lsfadmin@cudanode>
Subject: Job 14246: <#!/bin/bash;#BSUB -q gpu;#BSUB -o %J.out;#BSUB -e %J.err; /app/python3/bin/python3 D_fake.py> in cluster <auzorrocluster> Exited

Job <#!/bin/bash;#BSUB -q gpu;#BSUB -o %J.out;#BSUB -e %J.err; /app/python3/bin/python3 D_fake.py> was submitted from host <zorro> by user <yc6705a> in cluster <auzorrocluster> at Sun Oct  3 12:32:10 2021
Job was executed on host(s) <cudanode>, in queue <gpu>, as user <yc6705a> in cluster <auzorrocluster> at Sun Oct  3 12:32:11 2021
</home/yc6705a> was used as the home directory.
</home/yc6705a/DATA-793/GitHub/code> was used as the working directory.
Started at Sun Oct  3 12:32:11 2021
Terminated at Sun Oct  3 12:38:39 2021
Results reported at Sun Oct  3 12:38:39 2021

Your job looked like:

------------------------------------------------------------
# LSBATCH: User input
#!/bin/bash
#BSUB -q gpu
#BSUB -o %J.out
#BSUB -e %J.err

/app/python3/bin/python3 D_fake.py

------------------------------------------------------------

Exited with exit code 137.

Resource usage summary:

    CPU time :                                   313.17 sec.
    Max Memory :                                 126500 MB
    Average Memory :                             63627.35 MB
    Total Requested Memory :                     -
    Delta Memory :                               -
    Max Swap :                                   9261 MB
    Max Processes :                              4
    Max Threads :                                28
    Run time :                                   388 sec.
    Turnaround time :                            389 sec.

The output (if any) follows:



PS:

Read file <14246.err> for stderr output of this job.

