Sender: LSF System <lsfadmin@cudanode>
Subject: Job 13840: <#!/bin/bash;#BSUB -q gpu;#BSUB -o %J.out;#BSUB -e %J.err; /app/python3/bin/python3 D_real.py> in cluster <auzorrocluster> Exited

Job <#!/bin/bash;#BSUB -q gpu;#BSUB -o %J.out;#BSUB -e %J.err; /app/python3/bin/python3 D_real.py> was submitted from host <zorro> by user <yc6705a> in cluster <auzorrocluster> at Tue Sep 28 18:44:44 2021
Job was executed on host(s) <cudanode>, in queue <gpu>, as user <yc6705a> in cluster <auzorrocluster> at Tue Sep 28 18:44:44 2021
</home/yc6705a> was used as the home directory.
</home/yc6705a/DATA-793/DF_project> was used as the working directory.
Started at Tue Sep 28 18:44:44 2021
Terminated at Tue Sep 28 18:44:48 2021
Results reported at Tue Sep 28 18:44:48 2021

Your job looked like:

------------------------------------------------------------
# LSBATCH: User input
#!/bin/bash
#BSUB -q gpu
#BSUB -o %J.out
#BSUB -e %J.err

/app/python3/bin/python3 D_real.py

------------------------------------------------------------

Exited with exit code 1.

Resource usage summary:

    CPU time :                                   3.66 sec.
    Max Memory :                                 17 MB
    Average Memory :                             11.33 MB
    Total Requested Memory :                     -
    Delta Memory :                               -
    Max Swap :                                   -
    Max Processes :                              4
    Max Threads :                                28
    Run time :                                   4 sec.
    Turnaround time :                            4 sec.

The output (if any) follows:



PS:

Read file <13840.err> for stderr output of this job.

