Sender: LSF System <lsfadmin@cudanode>
Subject: Job 16375: <#!/bin/bash;#BSUB -q gpu;#BSUB -o %J.out;#BSUB -e %J.err; /app/python3/bin/python3 06.HPC_test.py> in cluster <auzorrocluster> Done

Job <#!/bin/bash;#BSUB -q gpu;#BSUB -o %J.out;#BSUB -e %J.err; /app/python3/bin/python3 06.HPC_test.py> was submitted from host <zorro> by user <yc6705a> in cluster <auzorrocluster> at Tue Nov  2 15:10:51 2021
Job was executed on host(s) <cudanode>, in queue <gpu>, as user <yc6705a> in cluster <auzorrocluster> at Tue Nov  2 15:10:51 2021
</home/yc6705a> was used as the home directory.
</home/yc6705a/Capstone/GitHub/data> was used as the working directory.
Started at Tue Nov  2 15:10:51 2021
Terminated at Tue Nov  2 15:31:30 2021
Results reported at Tue Nov  2 15:31:30 2021

Your job looked like:

------------------------------------------------------------
# LSBATCH: User input
#!/bin/bash
#BSUB -q gpu
#BSUB -o %J.out
#BSUB -e %J.err

/app/python3/bin/python3 06.HPC_test.py

------------------------------------------------------------

Successfully completed.

Resource usage summary:

    CPU time :                                   1241.75 sec.
    Max Memory :                                 8656 MB
    Average Memory :                             4596.58 MB
    Total Requested Memory :                     -
    Delta Memory :                               -
    Max Swap :                                   9 MB
    Max Processes :                              5
    Max Threads :                                29
    Run time :                                   1239 sec.
    Turnaround time :                            1239 sec.

The output (if any) follows:

1998
1998
The length should be 13984
--- 1179.7695786952972 seconds ---
[[124  83]
 [ 58 135]]
0.6475
              precision    recall  f1-score   support

        fake       0.68      0.60      0.64       207
        real       0.62      0.70      0.66       193

    accuracy                           0.65       400
   macro avg       0.65      0.65      0.65       400
weighted avg       0.65      0.65      0.65       400

--- 53.59130501747131 seconds ---
[[120  87]
 [ 67 126]]
0.615


PS:

Read file <16375.err> for stderr output of this job.

