Sender: LSF System <lsfadmin@cudanode>
Subject: Job 13819: <#!/bin/bash;#BSUB -q gpu;#BSUB -o %J.out;#BSUB -e %J.err; /app/python3/bin/python3 Next_Permutation.py> in cluster <auzorrocluster> Done

Job <#!/bin/bash;#BSUB -q gpu;#BSUB -o %J.out;#BSUB -e %J.err; /app/python3/bin/python3 Next_Permutation.py> was submitted from host <zorro> by user <yc6705a> in cluster <auzorrocluster> at Tue Sep 28 11:20:28 2021
Job was executed on host(s) <cudanode>, in queue <gpu>, as user <yc6705a> in cluster <auzorrocluster> at Tue Sep 28 11:20:28 2021
</home/yc6705a> was used as the home directory.
</home/yc6705a/DATA-793_Data_Science_Practicum > was used as the working directory.
Started at Tue Sep 28 11:20:28 2021
Terminated at Tue Sep 28 11:20:43 2021
Results reported at Tue Sep 28 11:20:43 2021

Your job looked like:

------------------------------------------------------------
# LSBATCH: User input
#!/bin/bash
#BSUB -q gpu
#BSUB -o %J.out
#BSUB -e %J.err

/app/python3/bin/python3 Next_Permutation.py

------------------------------------------------------------

Successfully completed.

Resource usage summary:

    CPU time :                                   4.03 sec.
    Max Memory :                                 30 MB
    Average Memory :                             24.00 MB
    Total Requested Memory :                     -
    Delta Memory :                               -
    Max Swap :                                   -
    Max Processes :                              4
    Max Threads :                                28
    Run time :                                   15 sec.
    Turnaround time :                            15 sec.

The output (if any) follows:

-1
None
[1, 1, 5]


PS:

Read file <13819.err> for stderr output of this job.

