Sender: LSF System <lsfadmin@cudanode>
Subject: Job 13902: <#!/bin/bash;#BSUB -q gpu;#BSUB -o %J.out;#BSUB -e %J.err; /app/python3/bin/python3 D_real.py> in cluster <auzorrocluster> Exited

Job <#!/bin/bash;#BSUB -q gpu;#BSUB -o %J.out;#BSUB -e %J.err; /app/python3/bin/python3 D_real.py> was submitted from host <zorro> by user <yc6705a> in cluster <auzorrocluster> at Wed Sep 29 23:41:14 2021
Job was executed on host(s) <cudanode>, in queue <gpu>, as user <yc6705a> in cluster <auzorrocluster> at Wed Sep 29 23:41:14 2021
</home/yc6705a> was used as the home directory.
</home/yc6705a/DATA-793/GitHub/code> was used as the working directory.
Started at Wed Sep 29 23:41:14 2021
Terminated at Wed Sep 29 23:47:32 2021
Results reported at Wed Sep 29 23:47:32 2021

Your job looked like:

------------------------------------------------------------
# LSBATCH: User input
#!/bin/bash
#BSUB -q gpu
#BSUB -o %J.out
#BSUB -e %J.err

/app/python3/bin/python3 D_real.py

------------------------------------------------------------

Exited with exit code 1.

Resource usage summary:

    CPU time :                                   2778.57 sec.
    Max Memory :                                 126225 MB
    Average Memory :                             62470.59 MB
    Total Requested Memory :                     -
    Delta Memory :                               -
    Max Swap :                                   7320 MB
    Max Processes :                              4
    Max Threads :                                28
    Run time :                                   378 sec.
    Turnaround time :                            378 sec.

The output (if any) follows:

7000
7000


PS:

Read file <13902.err> for stderr output of this job.

