Sender: LSF System <lsfadmin@cudanode>
Subject: Job 14201: <#!/bin/bash;#BSUB -q gpu;#BSUB -o %J.out;#BSUB -e %J.err; /app/python3/bin/python3 D_fake.py> in cluster <auzorrocluster> Exited

Job <#!/bin/bash;#BSUB -q gpu;#BSUB -o %J.out;#BSUB -e %J.err; /app/python3/bin/python3 D_fake.py> was submitted from host <zorro> by user <yc6705a> in cluster <auzorrocluster> at Fri Oct  1 23:50:09 2021
Job was executed on host(s) <cudanode>, in queue <gpu>, as user <yc6705a> in cluster <auzorrocluster> at Fri Oct  1 23:50:10 2021
</home/yc6705a> was used as the home directory.
</home/yc6705a/DATA-793/GitHub/code> was used as the working directory.
Started at Fri Oct  1 23:50:10 2021
Terminated at Fri Oct  1 23:56:28 2021
Results reported at Fri Oct  1 23:56:28 2021

Your job looked like:

------------------------------------------------------------
# LSBATCH: User input
#!/bin/bash
#BSUB -q gpu
#BSUB -o %J.out
#BSUB -e %J.err

/app/python3/bin/python3 D_fake.py

------------------------------------------------------------

Exited with exit code 137.

Resource usage summary:

    CPU time :                                   318.42 sec.
    Max Memory :                                 126672 MB
    Average Memory :                             68912.84 MB
    Total Requested Memory :                     -
    Delta Memory :                               -
    Max Swap :                                   11408 MB
    Max Processes :                              4
    Max Threads :                                28
    Run time :                                   378 sec.
    Turnaround time :                            379 sec.

The output (if any) follows:



PS:

Read file <14201.err> for stderr output of this job.

