Sender: LSF System <lsfadmin@cudanode>
Subject: Job 14258: <#!/bin/bash;#BSUB -q gpu;#BSUB -o %J.out;#BSUB -e %J.err; /app/python3/bin/python3 D_fake.py> in cluster <auzorrocluster> Exited

Job <#!/bin/bash;#BSUB -q gpu;#BSUB -o %J.out;#BSUB -e %J.err; /app/python3/bin/python3 D_fake.py> was submitted from host <zorro> by user <yc6705a> in cluster <auzorrocluster> at Sun Oct  3 13:49:46 2021
Job was executed on host(s) <cudanode>, in queue <gpu>, as user <yc6705a> in cluster <auzorrocluster> at Sun Oct  3 13:49:47 2021
</home/yc6705a> was used as the home directory.
</home/yc6705a/DATA-793/GitHub/code> was used as the working directory.
Started at Sun Oct  3 13:49:47 2021
Terminated at Sun Oct  3 13:55:25 2021
Results reported at Sun Oct  3 13:55:25 2021

Your job looked like:

------------------------------------------------------------
# LSBATCH: User input
#!/bin/bash
#BSUB -q gpu
#BSUB -o %J.out
#BSUB -e %J.err

/app/python3/bin/python3 D_fake.py

------------------------------------------------------------

Exited with exit code 137.

Resource usage summary:

    CPU time :                                   274.04 sec.
    Max Memory :                                 126648 MB
    Average Memory :                             64594.63 MB
    Total Requested Memory :                     -
    Delta Memory :                               -
    Max Swap :                                   9749 MB
    Max Processes :                              4
    Max Threads :                                28
    Run time :                                   338 sec.
    Turnaround time :                            339 sec.

The output (if any) follows:



PS:

Read file <14258.err> for stderr output of this job.

