Sender: LSF System <lsfadmin@cudanode>
Subject: Job 16417: <#!/bin/bash;#BSUB -q gpu;#BSUB -o %J.out;#BSUB -e %J.err; /app/python3/bin/python3 06.svm_80_20.py> in cluster <auzorrocluster> Done

Job <#!/bin/bash;#BSUB -q gpu;#BSUB -o %J.out;#BSUB -e %J.err; /app/python3/bin/python3 06.svm_80_20.py> was submitted from host <zorro> by user <yc6705a> in cluster <auzorrocluster> at Thu Nov  4 00:56:08 2021
Job was executed on host(s) <cudanode>, in queue <gpu>, as user <yc6705a> in cluster <auzorrocluster> at Thu Nov  4 00:56:09 2021
</home/yc6705a> was used as the home directory.
</home/yc6705a/Capstone/GitHub/data> was used as the working directory.
Started at Thu Nov  4 00:56:09 2021
Terminated at Thu Nov  4 17:15:37 2021
Results reported at Thu Nov  4 17:15:37 2021

Your job looked like:

------------------------------------------------------------
# LSBATCH: User input
#!/bin/bash
#BSUB -q gpu
#BSUB -o %J.out
#BSUB -e %J.err

/app/python3/bin/python3 06.svm_80_20.py

------------------------------------------------------------

Successfully completed.

Resource usage summary:

    CPU time :                                   58828.59 sec.
    Max Memory :                                 62074 MB
    Average Memory :                             31843.03 MB
    Total Requested Memory :                     -
    Delta Memory :                               -
    Max Swap :                                   -
    Max Processes :                              5
    Max Threads :                                29
    Run time :                                   58768 sec.
    Turnaround time :                            58769 sec.

The output (if any) follows:

arr_0
[[array([134, 131, 116, ...,  68,  60,  71], dtype=uint8) 'fake']
 [array([133, 130, 115, ...,  71,  59,  71], dtype=uint8) 'fake']
 [array([117, 113, 112, ...,  43,  31,  45], dtype=uint8) 'fake']
 ...
 [array([ 33,  20,  66, ..., 188, 155, 172], dtype=uint8) 'real']
 [array([ 51,  28,  46, ..., 116,  52,  50], dtype=uint8) 'real']
 [array([174, 140, 102, ...,  23,  39,  98], dtype=uint8) 'real']]
The length of X feature is 307200
The length of y label is 4
The length should be 13984
data dimension: (13984, 2)
--- 58699.27698421478 seconds ---
----------Confusion Matrix----------------
[[ 283 1132]
 [  66 1316]]
----------Accuracy Score----------------
0.5716839470861638
------------Classification Report----------
              precision    recall  f1-score   support

        fake       0.81      0.20      0.32      1415
        real       0.54      0.95      0.69      1382

    accuracy                           0.57      2797
   macro avg       0.67      0.58      0.50      2797
weighted avg       0.68      0.57      0.50      2797



PS:

Read file <16417.err> for stderr output of this job.

